1610713000117	geckodriver	INFO	Listening on 127.0.0.1:52299
1610713000240	mozrunner::runner	INFO	Running command: "/usr/bin/firefox" "--marionette" "--headless" "-foreground" "-no-remote" "-profile" "/tmp/rust_mozprofileWXcDoG"
*** You are running in headless mode.

(firefox:26313): GLib-GObject-WARNING **: 09:16:57.055: invalid (NULL) pointer instance

(firefox:26313): GLib-GObject-CRITICAL **: 09:16:57.093: g_signal_connect_data: assertion 'G_TYPE_CHECK_INSTANCE (instance)' failed

(/usr/lib/firefox/firefox:27178): GLib-GObject-WARNING **: 09:17:07.077: invalid (NULL) pointer instance

(/usr/lib/firefox/firefox:27178): GLib-GObject-CRITICAL **: 09:17:07.077: g_signal_connect_data: assertion 'G_TYPE_CHECK_INSTANCE (instance)' failed

(/usr/lib/firefox/firefox:27302): GLib-GObject-WARNING **: 09:17:08.076: invalid (NULL) pointer instance

(/usr/lib/firefox/firefox:27302): GLib-GObject-CRITICAL **: 09:17:08.076: g_signal_connect_data: assertion 'G_TYPE_CHECK_INSTANCE (instance)' failed
console.warn: SearchSettings: "get: No settings file exists, new profile?" (new Error("", "(unknown module)"))

(/usr/lib/firefox/firefox:27364): GLib-GObject-WARNING **: 09:17:10.531: invalid (NULL) pointer instance

(/usr/lib/firefox/firefox:27364): GLib-GObject-CRITICAL **: 09:17:10.531: g_signal_connect_data: assertion 'G_TYPE_CHECK_INSTANCE (instance)' failed
1610713034232	Marionette	INFO	Listening on port 33633
1610713034520	Marionette	WARN	TLS certificate errors will be ignored for this session
JavaScript warning: https://www.ne13.bradesconetempresa.b.br/ibpj/conteudo/js/login/default.js?vrs=14, line 89: unreachable code after return statement
JavaScript warning: https://www.ne12.bradesconetempresa.b.br/ibpjlogin/login.jsf, line 1: unreachable code after return statement
1610713596965	geckodriver	INFO	Listening on 127.0.0.1:52457
1610713596972	mozrunner::runner	INFO	Running command: "/usr/bin/firefox" "--marionette" "-foreground" "-no-remote" "-profile" "/tmp/rust_mozprofileoKtXpW"
console.warn: SearchSettings: "get: No settings file exists, new profile?" (new Error("", "(unknown module)"))
1610713602799	Marionette	INFO	Listening on port 36049
1610713602917	Marionette	WARN	TLS certificate errors will be ignored for this session
JavaScript warning: https://www.ne13.bradesconetempresa.b.br/ibpj/conteudo/js/login/default.js?vrs=14, line 89: unreachable code after return statement
JavaScript warning: https://www.ne12.bradesconetempresa.b.br/ibpjlogin/login.jsf, line 1: unreachable code after return statement
1610713622930	Marionette	WARN	TimedPromise timed out after 500 ms: stacktrace:
TimedPromise/<@chrome://marionette/content/sync.js:235:19
TimedPromise@chrome://marionette/content/sync.js:220:10
interaction.flushEventLoop@chrome://marionette/content/interaction.js:418:10
webdriverClickElement@chrome://marionette/content/interaction.js:179:31
JavaScript warning: https://www.ne13.bradesconetempresa.b.br/ibpj/conteudo/js/login/default.js?vrs=14, line 89: unreachable code after return statement
JavaScript warning: https://www.ne13.bradesconetempresa.b.br/ibpj/conteudo/js/login/default.js?vrs=14, line 89: unreachable code after return statement
JavaScript error: resource://activity-stream/lib/ASRouter.jsm, line 987: NS_ERROR_ILLEGAL_VALUE: Component returned failure code: 0x80070057 (NS_ERROR_ILLEGAL_VALUE) [nsIObserverService.removeObserver]
1610713659197	Marionette	INFO	Stopped listening on port 36049
1610713714738	geckodriver	INFO	Listening on 127.0.0.1:48145
1610713714742	mozrunner::runner	INFO	Running command: "/usr/bin/firefox" "--marionette" "--headless" "--disable-gpu" "-foreground" "-no-remote" "-profile" "/tmp/rust_mozprofilew1Cvhs"
*** You are running in headless mode.

(firefox:28871): GLib-GObject-WARNING **: 09:28:34.977: invalid (NULL) pointer instance

(firefox:28871): GLib-GObject-CRITICAL **: 09:28:34.977: g_signal_connect_data: assertion 'G_TYPE_CHECK_INSTANCE (instance)' failed

(/usr/lib/firefox/firefox:28987): GLib-GObject-WARNING **: 09:28:36.536: invalid (NULL) pointer instance

(/usr/lib/firefox/firefox:28987): GLib-GObject-CRITICAL **: 09:28:36.536: g_signal_connect_data: assertion 'G_TYPE_CHECK_INSTANCE (instance)' failed

(/usr/lib/firefox/firefox:29009): GLib-GObject-WARNING **: 09:28:36.619: invalid (NULL) pointer instance

(/usr/lib/firefox/firefox:29009): GLib-GObject-CRITICAL **: 09:28:36.619: g_signal_connect_data: assertion 'G_TYPE_CHECK_INSTANCE (instance)' failed
console.warn: SearchSettings: "get: No settings file exists, new profile?" (new Error("", "(unknown module)"))

(/usr/lib/firefox/firefox:29084): GLib-GObject-WARNING **: 09:28:40.713: invalid (NULL) pointer instance

(/usr/lib/firefox/firefox:29084): GLib-GObject-CRITICAL **: 09:28:40.713: g_signal_connect_data: assertion 'G_TYPE_CHECK_INSTANCE (instance)' failed
1610713720872	Marionette	INFO	Listening on port 33337
1610713721003	Marionette	WARN	TLS certificate errors will be ignored for this session
JavaScript warning: https://www.ne13.bradesconetempresa.b.br/ibpj/conteudo/js/login/default.js?vrs=14, line 89: unreachable code after return statement
JavaScript warning: https://www.ne12.bradesconetempresa.b.br/ibpjlogin/login.jsf, line 1: unreachable code after return statement

(firefox:28871): GLib-GObject-CRITICAL **: 09:28:52.884: g_object_get: assertion 'G_IS_OBJECT (object)' failed
1610713739884	Marionette	WARN	TimedPromise timed out after 500 ms: stacktrace:
TimedPromise/<@chrome://marionette/content/sync.js:235:19
TimedPromise@chrome://marionette/content/sync.js:220:10
interaction.flushEventLoop@chrome://marionette/content/interaction.js:418:10
webdriverClickElement@chrome://marionette/content/interaction.js:179:31

(firefox:28871): GLib-GObject-CRITICAL **: 09:29:03.946: g_object_get: assertion 'G_IS_OBJECT (object)' failed
1610713750882	Marionette	WARN	TimedPromise timed out after 500 ms: stacktrace:
TimedPromise/<@chrome://marionette/content/sync.js:235:19
TimedPromise@chrome://marionette/content/sync.js:220:10
interaction.flushEventLoop@chrome://marionette/content/interaction.js:418:10
webdriverClickElement@chrome://marionette/content/interaction.js:179:31

(firefox:28871): GLib-GObject-CRITICAL **: 09:29:14.365: g_object_get: assertion 'G_IS_OBJECT (object)' failed
1610713761367	Marionette	WARN	TimedPromise timed out after 500 ms: stacktrace:
TimedPromise/<@chrome://marionette/content/sync.js:235:19
TimedPromise@chrome://marionette/content/sync.js:220:10
interaction.flushEventLoop@chrome://marionette/content/interaction.js:418:10
webdriverClickElement@chrome://marionette/content/interaction.js:179:31

(firefox:28871): GLib-GObject-CRITICAL **: 09:29:39.161: g_object_get: assertion 'G_IS_OBJECT (object)' failed
1610713785119	Marionette	WARN	TimedPromise timed out after 500 ms: stacktrace:
TimedPromise/<@chrome://marionette/content/sync.js:235:19
TimedPromise@chrome://marionette/content/sync.js:220:10
interaction.flushEventLoop@chrome://marionette/content/interaction.js:418:10
webdriverClickElement@chrome://marionette/content/interaction.js:179:31

(firefox:28871): GLib-GObject-CRITICAL **: 09:29:49.201: g_object_get: assertion 'G_IS_OBJECT (object)' failed
1610713796050	Marionette	WARN	TimedPromise timed out after 500 ms: stacktrace:
TimedPromise/<@chrome://marionette/content/sync.js:235:19
TimedPromise@chrome://marionette/content/sync.js:220:10
interaction.flushEventLoop@chrome://marionette/content/interaction.js:418:10
webdriverClickElement@chrome://marionette/content/interaction.js:179:31

(firefox:28871): GLib-GObject-CRITICAL **: 09:29:59.432: g_object_get: assertion 'G_IS_OBJECT (object)' failed
1610713806515	Marionette	WARN	TimedPromise timed out after 500 ms: stacktrace:
TimedPromise/<@chrome://marionette/content/sync.js:235:19
TimedPromise@chrome://marionette/content/sync.js:220:10
interaction.flushEventLoop@chrome://marionette/content/interaction.js:418:10
webdriverClickElement@chrome://marionette/content/interaction.js:179:31

(firefox:28871): GLib-GObject-CRITICAL **: 09:30:09.911: g_object_get: assertion 'G_IS_OBJECT (object)' failed
1610713816988	Marionette	WARN	TimedPromise timed out after 500 ms: stacktrace:
TimedPromise/<@chrome://marionette/content/sync.js:235:19
TimedPromise@chrome://marionette/content/sync.js:220:10
interaction.flushEventLoop@chrome://marionette/content/interaction.js:418:10
webdriverClickElement@chrome://marionette/content/interaction.js:179:31

(firefox:28871): GLib-GObject-CRITICAL **: 09:30:20.537: g_object_get: assertion 'G_IS_OBJECT (object)' failed
1610713827432	Marionette	WARN	TimedPromise timed out after 500 ms: stacktrace:
TimedPromise/<@chrome://marionette/content/sync.js:235:19
TimedPromise@chrome://marionette/content/sync.js:220:10
interaction.flushEventLoop@chrome://marionette/content/interaction.js:418:10
webdriverClickElement@chrome://marionette/content/interaction.js:179:31

(firefox:28871): GLib-GObject-CRITICAL **: 09:30:30.885: g_object_get: assertion 'G_IS_OBJECT (object)' failed
1610713837875	Marionette	WARN	TimedPromise timed out after 500 ms: stacktrace:
TimedPromise/<@chrome://marionette/content/sync.js:235:19
TimedPromise@chrome://marionette/content/sync.js:220:10
interaction.flushEventLoop@chrome://marionette/content/interaction.js:418:10
webdriverClickElement@chrome://marionette/content/interaction.js:179:31

(firefox:28871): GLib-GObject-CRITICAL **: 09:30:41.431: g_object_get: assertion 'G_IS_OBJECT (object)' failed
1610713848325	Marionette	WARN	TimedPromise timed out after 500 ms: stacktrace:
TimedPromise/<@chrome://marionette/content/sync.js:235:19
TimedPromise@chrome://marionette/content/sync.js:220:10
interaction.flushEventLoop@chrome://marionette/content/interaction.js:418:10
webdriverClickElement@chrome://marionette/content/interaction.js:179:31

(firefox:28871): GLib-GObject-CRITICAL **: 09:30:51.663: g_object_get: assertion 'G_IS_OBJECT (object)' failed
1610713858785	Marionette	WARN	TimedPromise timed out after 500 ms: stacktrace:
TimedPromise/<@chrome://marionette/content/sync.js:235:19
TimedPromise@chrome://marionette/content/sync.js:220:10
interaction.flushEventLoop@chrome://marionette/content/interaction.js:418:10
webdriverClickElement@chrome://marionette/content/interaction.js:179:31

(firefox:28871): GLib-GObject-CRITICAL **: 09:31:02.175: g_object_get: assertion 'G_IS_OBJECT (object)' failed
1610713869265	Marionette	WARN	TimedPromise timed out after 500 ms: stacktrace:
TimedPromise/<@chrome://marionette/content/sync.js:235:19
TimedPromise@chrome://marionette/content/sync.js:220:10
interaction.flushEventLoop@chrome://marionette/content/interaction.js:418:10
webdriverClickElement@chrome://marionette/content/interaction.js:179:31

(firefox:28871): GLib-GObject-CRITICAL **: 09:31:13.330: g_object_get: assertion 'G_IS_OBJECT (object)' failed
1610713880259	Marionette	WARN	TimedPromise timed out after 500 ms: stacktrace:
TimedPromise/<@chrome://marionette/content/sync.js:235:19
TimedPromise@chrome://marionette/content/sync.js:220:10
interaction.flushEventLoop@chrome://marionette/content/interaction.js:418:10
webdriverClickElement@chrome://marionette/content/interaction.js:179:31

(firefox:28871): GLib-GObject-CRITICAL **: 09:31:23.683: g_object_get: assertion 'G_IS_OBJECT (object)' failed

(firefox:28871): GLib-GObject-CRITICAL **: 09:31:33.606: g_object_get: assertion 'G_IS_OBJECT (object)' failed

(firefox:28871): GLib-GObject-CRITICAL **: 09:31:43.055: g_object_get: assertion 'G_IS_OBJECT (object)' failed
1610713910134	Marionette	WARN	TimedPromise timed out after 500 ms: stacktrace:
TimedPromise/<@chrome://marionette/content/sync.js:235:19
TimedPromise@chrome://marionette/content/sync.js:220:10
interaction.flushEventLoop@chrome://marionette/content/interaction.js:418:10
webdriverClickElement@chrome://marionette/content/interaction.js:179:31

(firefox:28871): GLib-GObject-CRITICAL **: 09:31:54.673: g_object_get: assertion 'G_IS_OBJECT (object)' failed

(firefox:28871): GLib-GObject-CRITICAL **: 09:32:04.565: g_object_get: assertion 'G_IS_OBJECT (object)' failed

(firefox:28871): GLib-GObject-CRITICAL **: 09:32:14.546: g_object_get: assertion 'G_IS_OBJECT (object)' failed

(firefox:28871): GLib-GObject-CRITICAL **: 09:32:25.045: g_object_get: assertion 'G_IS_OBJECT (object)' failed

(firefox:28871): GLib-GObject-CRITICAL **: 09:32:35.700: g_object_get: assertion 'G_IS_OBJECT (object)' failed

(firefox:28871): GLib-GObject-CRITICAL **: 09:32:46.045: g_object_get: assertion 'G_IS_OBJECT (object)' failed

(firefox:28871): GLib-GObject-CRITICAL **: 09:32:56.400: g_object_get: assertion 'G_IS_OBJECT (object)' failed

(firefox:28871): GLib-GObject-CRITICAL **: 09:33:06.993: g_object_get: assertion 'G_IS_OBJECT (object)' failed

(firefox:28871): GLib-GObject-CRITICAL **: 09:33:18.264: g_object_get: assertion 'G_IS_OBJECT (object)' failed

(firefox:28871): GLib-GObject-CRITICAL **: 09:33:28.116: g_object_get: assertion 'G_IS_OBJECT (object)' failed

(firefox:28871): GLib-GObject-CRITICAL **: 09:33:37.964: g_object_get: assertion 'G_IS_OBJECT (object)' failed
1610714034334	Marionette	WARN	TimedPromise timed out after 500 ms: stacktrace:
TimedPromise/<@chrome://marionette/content/sync.js:235:19
TimedPromise@chrome://marionette/content/sync.js:220:10
interaction.flushEventLoop@chrome://marionette/content/interaction.js:418:10
webdriverClickElement@chrome://marionette/content/interaction.js:179:31
1610714035533	Marionette	WARN	Ignoring event 'DOMContentLoaded' because document has an invalid readyState of 'complete'.
JavaScript warning: https://www.ne13.bradesconetempresa.b.br/ibpj/conteudo/js/login/default.js?vrs=14, line 89: unreachable code after return statement
JavaScript warning: https://www.ne13.bradesconetempresa.b.br/ibpj/conteudo/js/login/default.js?vrs=14, line 89: unreachable code after return statement
1610716471784	geckodriver	INFO	Listening on 127.0.0.1:60337
1610716471789	mozrunner::runner	INFO	Running command: "/usr/bin/firefox" "--marionette" "--headless" "--disable-gpu" "-foreground" "-no-remote" "-profile" "/tmp/rust_mozprofileAkMFaj"
*** You are running in headless mode.

(firefox:34822): GLib-GObject-WARNING **: 10:14:32.489: invalid (NULL) pointer instance

(firefox:34822): GLib-GObject-CRITICAL **: 10:14:32.489: g_signal_connect_data: assertion 'G_TYPE_CHECK_INSTANCE (instance)' failed

(/usr/lib/firefox/firefox:34926): GLib-GObject-WARNING **: 10:14:33.330: invalid (NULL) pointer instance

(/usr/lib/firefox/firefox:34926): GLib-GObject-CRITICAL **: 10:14:33.330: g_signal_connect_data: assertion 'G_TYPE_CHECK_INSTANCE (instance)' failed

(/usr/lib/firefox/firefox:34952): GLib-GObject-WARNING **: 10:14:33.442: invalid (NULL) pointer instance

(/usr/lib/firefox/firefox:34952): GLib-GObject-CRITICAL **: 10:14:33.442: g_signal_connect_data: assertion 'G_TYPE_CHECK_INSTANCE (instance)' failed
console.warn: SearchSettings: "get: No settings file exists, new profile?" (new Error("", "(unknown module)"))

(/usr/lib/firefox/firefox:35025): GLib-GObject-WARNING **: 10:14:36.550: invalid (NULL) pointer instance

(/usr/lib/firefox/firefox:35025): GLib-GObject-CRITICAL **: 10:14:36.550: g_signal_connect_data: assertion 'G_TYPE_CHECK_INSTANCE (instance)' failed
1610716476552	Marionette	INFO	Listening on port 44501
1610716476620	Marionette	WARN	TLS certificate errors will be ignored for this session
JavaScript warning: https://www.ne13.bradesconetempresa.b.br/ibpj/conteudo/js/login/default.js?vrs=14, line 89: unreachable code after return statement
JavaScript warning: https://www.ne12.bradesconetempresa.b.br/ibpjlogin/login.jsf, line 1: unreachable code after return statement

(firefox:34822): GLib-GObject-CRITICAL **: 10:14:47.035: g_object_get: assertion 'G_IS_OBJECT (object)' failed
1610716494097	Marionette	WARN	TimedPromise timed out after 500 ms: stacktrace:
TimedPromise/<@chrome://marionette/content/sync.js:235:19
TimedPromise@chrome://marionette/content/sync.js:220:10
interaction.flushEventLoop@chrome://marionette/content/interaction.js:418:10
webdriverClickElement@chrome://marionette/content/interaction.js:179:31

(firefox:34822): GLib-GObject-CRITICAL **: 10:14:56.944: g_object_get: assertion 'G_IS_OBJECT (object)' failed
1610716504028	Marionette	WARN	TimedPromise timed out after 500 ms: stacktrace:
TimedPromise/<@chrome://marionette/content/sync.js:235:19
TimedPromise@chrome://marionette/content/sync.js:220:10
interaction.flushEventLoop@chrome://marionette/content/interaction.js:418:10
webdriverClickElement@chrome://marionette/content/interaction.js:179:31

(firefox:34822): GLib-GObject-CRITICAL **: 10:15:07.428: g_object_get: assertion 'G_IS_OBJECT (object)' failed
1610716514500	Marionette	WARN	TimedPromise timed out after 500 ms: stacktrace:
TimedPromise/<@chrome://marionette/content/sync.js:235:19
TimedPromise@chrome://marionette/content/sync.js:220:10
interaction.flushEventLoop@chrome://marionette/content/interaction.js:418:10
webdriverClickElement@chrome://marionette/content/interaction.js:179:31

(firefox:34822): GLib-GObject-CRITICAL **: 10:15:35.526: g_object_get: assertion 'G_IS_OBJECT (object)' failed
1610716540383	Marionette	WARN	TimedPromise timed out after 500 ms: stacktrace:
TimedPromise/<@chrome://marionette/content/sync.js:235:19
TimedPromise@chrome://marionette/content/sync.js:220:10
interaction.flushEventLoop@chrome://marionette/content/interaction.js:418:10
webdriverClickElement@chrome://marionette/content/interaction.js:179:31

(firefox:34822): GLib-GObject-CRITICAL **: 10:15:43.231: g_object_get: assertion 'G_IS_OBJECT (object)' failed
1610716550264	Marionette	WARN	TimedPromise timed out after 500 ms: stacktrace:
TimedPromise/<@chrome://marionette/content/sync.js:235:19
TimedPromise@chrome://marionette/content/sync.js:220:10
interaction.flushEventLoop@chrome://marionette/content/interaction.js:418:10
webdriverClickElement@chrome://marionette/content/interaction.js:179:31

(firefox:34822): GLib-GObject-CRITICAL **: 10:15:54.378: g_object_get: assertion 'G_IS_OBJECT (object)' failed
1610716561246	Marionette	WARN	TimedPromise timed out after 500 ms: stacktrace:
TimedPromise/<@chrome://marionette/content/sync.js:235:19
TimedPromise@chrome://marionette/content/sync.js:220:10
interaction.flushEventLoop@chrome://marionette/content/interaction.js:418:10
webdriverClickElement@chrome://marionette/content/interaction.js:179:31

(firefox:34822): GLib-GObject-CRITICAL **: 10:16:04.626: g_object_get: assertion 'G_IS_OBJECT (object)' failed
1610716571598	Marionette	WARN	TimedPromise timed out after 500 ms: stacktrace:
TimedPromise/<@chrome://marionette/content/sync.js:235:19
TimedPromise@chrome://marionette/content/sync.js:220:10
interaction.flushEventLoop@chrome://marionette/content/interaction.js:418:10
webdriverClickElement@chrome://marionette/content/interaction.js:179:31

(firefox:34822): GLib-GObject-CRITICAL **: 10:16:15.663: g_object_get: assertion 'G_IS_OBJECT (object)' failed
1610716582513	Marionette	WARN	TimedPromise timed out after 500 ms: stacktrace:
TimedPromise/<@chrome://marionette/content/sync.js:235:19
TimedPromise@chrome://marionette/content/sync.js:220:10
interaction.flushEventLoop@chrome://marionette/content/interaction.js:418:10
webdriverClickElement@chrome://marionette/content/interaction.js:179:31

(firefox:34822): GLib-GObject-CRITICAL **: 10:16:26.326: g_object_get: assertion 'G_IS_OBJECT (object)' failed
1610716593358	Marionette	WARN	TimedPromise timed out after 500 ms: stacktrace:
TimedPromise/<@chrome://marionette/content/sync.js:235:19
TimedPromise@chrome://marionette/content/sync.js:220:10
interaction.flushEventLoop@chrome://marionette/content/interaction.js:418:10
webdriverClickElement@chrome://marionette/content/interaction.js:179:31

(firefox:34822): GLib-GObject-CRITICAL **: 10:16:37.391: g_object_get: assertion 'G_IS_OBJECT (object)' failed
1610716604283	Marionette	WARN	TimedPromise timed out after 500 ms: stacktrace:
TimedPromise/<@chrome://marionette/content/sync.js:235:19
TimedPromise@chrome://marionette/content/sync.js:220:10
interaction.flushEventLoop@chrome://marionette/content/interaction.js:418:10
webdriverClickElement@chrome://marionette/content/interaction.js:179:31

(firefox:34822): GLib-GObject-CRITICAL **: 10:16:47.826: g_object_get: assertion 'G_IS_OBJECT (object)' failed
1610716614718	Marionette	WARN	TimedPromise timed out after 500 ms: stacktrace:
TimedPromise/<@chrome://marionette/content/sync.js:235:19
TimedPromise@chrome://marionette/content/sync.js:220:10
interaction.flushEventLoop@chrome://marionette/content/interaction.js:418:10
webdriverClickElement@chrome://marionette/content/interaction.js:179:31

(firefox:34822): GLib-GObject-CRITICAL **: 10:16:58.273: g_object_get: assertion 'G_IS_OBJECT (object)' failed
1610716625117	Marionette	WARN	TimedPromise timed out after 500 ms: stacktrace:
TimedPromise/<@chrome://marionette/content/sync.js:235:19
TimedPromise@chrome://marionette/content/sync.js:220:10
interaction.flushEventLoop@chrome://marionette/content/interaction.js:418:10
webdriverClickElement@chrome://marionette/content/interaction.js:179:31

(firefox:34822): GLib-GObject-CRITICAL **: 10:17:09.134: g_object_get: assertion 'G_IS_OBJECT (object)' failed
1610716636060	Marionette	WARN	TimedPromise timed out after 500 ms: stacktrace:
TimedPromise/<@chrome://marionette/content/sync.js:235:19
TimedPromise@chrome://marionette/content/sync.js:220:10
interaction.flushEventLoop@chrome://marionette/content/interaction.js:418:10
webdriverClickElement@chrome://marionette/content/interaction.js:179:31

(firefox:34822): GLib-GObject-CRITICAL **: 10:17:19.382: g_object_get: assertion 'G_IS_OBJECT (object)' failed

(firefox:34822): GLib-GObject-CRITICAL **: 10:17:30.012: g_object_get: assertion 'G_IS_OBJECT (object)' failed
1610716656863	Marionette	WARN	TimedPromise timed out after 500 ms: stacktrace:
TimedPromise/<@chrome://marionette/content/sync.js:235:19
TimedPromise@chrome://marionette/content/sync.js:220:10
interaction.flushEventLoop@chrome://marionette/content/interaction.js:418:10
webdriverClickElement@chrome://marionette/content/interaction.js:179:31

(firefox:34822): GLib-GObject-CRITICAL **: 10:17:40.446: g_object_get: assertion 'G_IS_OBJECT (object)' failed

(firefox:34822): GLib-GObject-CRITICAL **: 10:17:50.088: g_object_get: assertion 'G_IS_OBJECT (object)' failed
1610716677186	Marionette	WARN	TimedPromise timed out after 500 ms: stacktrace:
TimedPromise/<@chrome://marionette/content/sync.js:235:19
TimedPromise@chrome://marionette/content/sync.js:220:10
interaction.flushEventLoop@chrome://marionette/content/interaction.js:418:10
webdriverClickElement@chrome://marionette/content/interaction.js:179:31

(firefox:34822): GLib-GObject-CRITICAL **: 10:18:00.741: g_object_get: assertion 'G_IS_OBJECT (object)' failed

(firefox:34822): GLib-GObject-CRITICAL **: 10:18:10.993: g_object_get: assertion 'G_IS_OBJECT (object)' failed

(firefox:34822): GLib-GObject-CRITICAL **: 10:18:21.200: g_object_get: assertion 'G_IS_OBJECT (object)' failed

(firefox:34822): GLib-GObject-CRITICAL **: 10:18:31.480: g_object_get: assertion 'G_IS_OBJECT (object)' failed

(firefox:34822): GLib-GObject-CRITICAL **: 10:18:41.473: g_object_get: assertion 'G_IS_OBJECT (object)' failed

(firefox:34822): GLib-GObject-CRITICAL **: 10:18:51.925: g_object_get: assertion 'G_IS_OBJECT (object)' failed

(firefox:34822): GLib-GObject-CRITICAL **: 10:19:02.208: g_object_get: assertion 'G_IS_OBJECT (object)' failed

(firefox:34822): GLib-GObject-CRITICAL **: 10:19:12.560: g_object_get: assertion 'G_IS_OBJECT (object)' failed

(firefox:34822): GLib-GObject-CRITICAL **: 10:19:23.040: g_object_get: assertion 'G_IS_OBJECT (object)' failed

(firefox:34822): GLib-GObject-CRITICAL **: 10:19:33.074: g_object_get: assertion 'G_IS_OBJECT (object)' failed
1610716789828	Marionette	WARN	Ignoring event 'DOMContentLoaded' because document has an invalid readyState of 'complete'.
JavaScript warning: https://www.ne13.bradesconetempresa.b.br/ibpj/conteudo/js/login/default.js?vrs=14, line 89: unreachable code after return statement
JavaScript warning: https://www.ne13.bradesconetempresa.b.br/ibpj/conteudo/js/login/default.js?vrs=14, line 89: unreachable code after return statement
1610719357412	geckodriver	INFO	Listening on 127.0.0.1:56887
1610719357417	mozrunner::runner	INFO	Running command: "/usr/bin/firefox" "--marionette" "--headless" "--disable-gpu" "-foreground" "-no-remote" "-profile" "/tmp/rust_mozprofileimif55"
*** You are running in headless mode.

(firefox:41751): GLib-GObject-WARNING **: 11:02:37.673: invalid (NULL) pointer instance

(firefox:41751): GLib-GObject-CRITICAL **: 11:02:37.673: g_signal_connect_data: assertion 'G_TYPE_CHECK_INSTANCE (instance)' failed

(/usr/lib/firefox/firefox:41864): GLib-GObject-WARNING **: 11:02:38.508: invalid (NULL) pointer instance

(/usr/lib/firefox/firefox:41864): GLib-GObject-CRITICAL **: 11:02:38.508: g_signal_connect_data: assertion 'G_TYPE_CHECK_INSTANCE (instance)' failed

(/usr/lib/firefox/firefox:41891): GLib-GObject-WARNING **: 11:02:38.617: invalid (NULL) pointer instance

(/usr/lib/firefox/firefox:41891): GLib-GObject-CRITICAL **: 11:02:38.617: g_signal_connect_data: assertion 'G_TYPE_CHECK_INSTANCE (instance)' failed
console.warn: SearchSettings: "get: No settings file exists, new profile?" (new Error("", "(unknown module)"))

(/usr/lib/firefox/firefox:41964): GLib-GObject-WARNING **: 11:02:41.865: invalid (NULL) pointer instance

(/usr/lib/firefox/firefox:41964): GLib-GObject-CRITICAL **: 11:02:41.865: g_signal_connect_data: assertion 'G_TYPE_CHECK_INSTANCE (instance)' failed
1610719361868	Marionette	INFO	Listening on port 40821
1610719361949	Marionette	WARN	TLS certificate errors will be ignored for this session
JavaScript warning: https://www.ne13.bradesconetempresa.b.br/ibpj/conteudo/js/login/default.js?vrs=14, line 89: unreachable code after return statement
JavaScript warning: https://www.ne12.bradesconetempresa.b.br/ibpjlogin/login.jsf, line 1: unreachable code after return statement

(firefox:41751): GLib-GObject-CRITICAL **: 11:02:56.694: g_object_get: assertion 'G_IS_OBJECT (object)' failed
1610719383700	Marionette	WARN	TimedPromise timed out after 500 ms: stacktrace:
TimedPromise/<@chrome://marionette/content/sync.js:235:19
TimedPromise@chrome://marionette/content/sync.js:220:10
interaction.flushEventLoop@chrome://marionette/content/interaction.js:418:10
webdriverClickElement@chrome://marionette/content/interaction.js:179:31

(firefox:41751): GLib-GObject-CRITICAL **: 11:03:07.532: g_object_get: assertion 'G_IS_OBJECT (object)' failed
1610719394611	Marionette	WARN	TimedPromise timed out after 500 ms: stacktrace:
TimedPromise/<@chrome://marionette/content/sync.js:235:19
TimedPromise@chrome://marionette/content/sync.js:220:10
interaction.flushEventLoop@chrome://marionette/content/interaction.js:418:10
webdriverClickElement@chrome://marionette/content/interaction.js:179:31

(firefox:41751): GLib-GObject-CRITICAL **: 11:03:17.984: g_object_get: assertion 'G_IS_OBJECT (object)' failed
1610719405049	Marionette	WARN	TimedPromise timed out after 500 ms: stacktrace:
TimedPromise/<@chrome://marionette/content/sync.js:235:19
TimedPromise@chrome://marionette/content/sync.js:220:10
interaction.flushEventLoop@chrome://marionette/content/interaction.js:418:10
webdriverClickElement@chrome://marionette/content/interaction.js:179:31

(firefox:41751): GLib-GObject-CRITICAL **: 11:03:36.864: g_object_get: assertion 'G_IS_OBJECT (object)' failed
1610719423849	Marionette	WARN	TimedPromise timed out after 500 ms: stacktrace:
TimedPromise/<@chrome://marionette/content/sync.js:235:19
TimedPromise@chrome://marionette/content/sync.js:220:10
interaction.flushEventLoop@chrome://marionette/content/interaction.js:418:10
webdriverClickElement@chrome://marionette/content/interaction.js:179:31

(firefox:41751): GLib-GObject-CRITICAL **: 11:03:47.234: g_object_get: assertion 'G_IS_OBJECT (object)' failed
1610719434279	Marionette	WARN	TimedPromise timed out after 500 ms: stacktrace:
TimedPromise/<@chrome://marionette/content/sync.js:235:19
TimedPromise@chrome://marionette/content/sync.js:220:10
interaction.flushEventLoop@chrome://marionette/content/interaction.js:418:10
webdriverClickElement@chrome://marionette/content/interaction.js:179:31

(firefox:41751): GLib-GObject-CRITICAL **: 11:03:57.646: g_object_get: assertion 'G_IS_OBJECT (object)' failed
1610719444715	Marionette	WARN	TimedPromise timed out after 500 ms: stacktrace:
TimedPromise/<@chrome://marionette/content/sync.js:235:19
TimedPromise@chrome://marionette/content/sync.js:220:10
interaction.flushEventLoop@chrome://marionette/content/interaction.js:418:10
webdriverClickElement@chrome://marionette/content/interaction.js:179:31

(firefox:41751): GLib-GObject-CRITICAL **: 11:04:08.677: g_object_get: assertion 'G_IS_OBJECT (object)' failed
1610719455681	Marionette	WARN	TimedPromise timed out after 500 ms: stacktrace:
TimedPromise/<@chrome://marionette/content/sync.js:235:19
TimedPromise@chrome://marionette/content/sync.js:220:10
interaction.flushEventLoop@chrome://marionette/content/interaction.js:418:10
webdriverClickElement@chrome://marionette/content/interaction.js:179:31

(firefox:41751): GLib-GObject-CRITICAL **: 11:04:19.799: g_object_get: assertion 'G_IS_OBJECT (object)' failed
1610719466623	Marionette	WARN	TimedPromise timed out after 500 ms: stacktrace:
TimedPromise/<@chrome://marionette/content/sync.js:235:19
TimedPromise@chrome://marionette/content/sync.js:220:10
interaction.flushEventLoop@chrome://marionette/content/interaction.js:418:10
webdriverClickElement@chrome://marionette/content/interaction.js:179:31

(firefox:41751): GLib-GObject-CRITICAL **: 11:04:30.629: g_object_get: assertion 'G_IS_OBJECT (object)' failed
1610719477509	Marionette	WARN	TimedPromise timed out after 500 ms: stacktrace:
TimedPromise/<@chrome://marionette/content/sync.js:235:19
TimedPromise@chrome://marionette/content/sync.js:220:10
interaction.flushEventLoop@chrome://marionette/content/interaction.js:418:10
webdriverClickElement@chrome://marionette/content/interaction.js:179:31

(firefox:41751): GLib-GObject-CRITICAL **: 11:04:41.092: g_object_get: assertion 'G_IS_OBJECT (object)' failed
1610719487883	Marionette	WARN	TimedPromise timed out after 500 ms: stacktrace:
TimedPromise/<@chrome://marionette/content/sync.js:235:19
TimedPromise@chrome://marionette/content/sync.js:220:10
interaction.flushEventLoop@chrome://marionette/content/interaction.js:418:10
webdriverClickElement@chrome://marionette/content/interaction.js:179:31

(firefox:41751): GLib-GObject-CRITICAL **: 11:04:51.998: g_object_get: assertion 'G_IS_OBJECT (object)' failed
1610719498882	Marionette	WARN	TimedPromise timed out after 500 ms: stacktrace:
TimedPromise/<@chrome://marionette/content/sync.js:235:19
TimedPromise@chrome://marionette/content/sync.js:220:10
interaction.flushEventLoop@chrome://marionette/content/interaction.js:418:10
webdriverClickElement@chrome://marionette/content/interaction.js:179:31
JavaScript error: https://www.ne13.bradesconetempresa.b.br/ibpj/conteudo/js/geral/jquery.js, line 93: TypeError: g.nodeName is undefined
JavaScript error: https://www.ne13.bradesconetempresa.b.br/ibpj/conteudo/js/geral/default.js, line 3849: SecurityError: Permission denied to access property "autoIframe" on cross-origin object
JavaScript warning: https://www.ne13.bradesconetempresa.b.br/ibpj/conteudo/js/login/default.js?vrs=14, line 89: unreachable code after return statement
JavaScript warning: https://www.ne13.bradesconetempresa.b.br/ibpj/conteudo/js/login/default.js?vrs=14, line 89: unreachable code after return statement
1610719686165	geckodriver	INFO	Listening on 127.0.0.1:40457
1610719686200	mozrunner::runner	INFO	Running command: "/usr/bin/firefox" "--marionette" "--headless" "--disable-gpu" "-foreground" "-no-remote" "-profile" "/tmp/rust_mozprofilelvxLhg"
*** You are running in headless mode.

(firefox:42846): GLib-GObject-WARNING **: 11:08:07.189: invalid (NULL) pointer instance

(firefox:42846): GLib-GObject-CRITICAL **: 11:08:07.189: g_signal_connect_data: assertion 'G_TYPE_CHECK_INSTANCE (instance)' failed

(/usr/lib/firefox/firefox:42959): GLib-GObject-WARNING **: 11:08:07.947: invalid (NULL) pointer instance

(/usr/lib/firefox/firefox:42959): GLib-GObject-CRITICAL **: 11:08:07.947: g_signal_connect_data: assertion 'G_TYPE_CHECK_INSTANCE (instance)' failed

(/usr/lib/firefox/firefox:42980): GLib-GObject-WARNING **: 11:08:08.048: invalid (NULL) pointer instance

(/usr/lib/firefox/firefox:42980): GLib-GObject-CRITICAL **: 11:08:08.048: g_signal_connect_data: assertion 'G_TYPE_CHECK_INSTANCE (instance)' failed
console.warn: SearchSettings: "get: No settings file exists, new profile?" (new Error("", "(unknown module)"))

(/usr/lib/firefox/firefox:43057): GLib-GObject-WARNING **: 11:08:10.819: invalid (NULL) pointer instance

(/usr/lib/firefox/firefox:43057): GLib-GObject-CRITICAL **: 11:08:10.819: g_signal_connect_data: assertion 'G_TYPE_CHECK_INSTANCE (instance)' failed
1610719690865	Marionette	INFO	Listening on port 32915
1610719690929	Marionette	WARN	TLS certificate errors will be ignored for this session
JavaScript warning: https://www.ne13.bradesconetempresa.b.br/ibpj/conteudo/js/login/default.js?vrs=14, line 89: unreachable code after return statement
JavaScript warning: https://www.ne12.bradesconetempresa.b.br/ibpjlogin/login.jsf, line 1: unreachable code after return statement
1610719729055	geckodriver	INFO	Listening on 127.0.0.1:44641
1610719729129	mozrunner::runner	INFO	Running command: "/usr/bin/firefox" "--marionette" "--headless" "--disable-gpu" "-foreground" "-no-remote" "-profile" "/tmp/rust_mozprofile4uiQyA"
*** You are running in headless mode.

(firefox:43299): GLib-GObject-WARNING **: 11:08:50.018: invalid (NULL) pointer instance

(firefox:43299): GLib-GObject-CRITICAL **: 11:08:50.018: g_signal_connect_data: assertion 'G_TYPE_CHECK_INSTANCE (instance)' failed

(/usr/lib/firefox/firefox:43418): GLib-GObject-WARNING **: 11:08:51.034: invalid (NULL) pointer instance

(/usr/lib/firefox/firefox:43418): GLib-GObject-CRITICAL **: 11:08:51.034: g_signal_connect_data: assertion 'G_TYPE_CHECK_INSTANCE (instance)' failed

(/usr/lib/firefox/firefox:43444): GLib-GObject-WARNING **: 11:08:51.149: invalid (NULL) pointer instance

(/usr/lib/firefox/firefox:43444): GLib-GObject-CRITICAL **: 11:08:51.149: g_signal_connect_data: assertion 'G_TYPE_CHECK_INSTANCE (instance)' failed
console.warn: SearchSettings: "get: No settings file exists, new profile?" (new Error("", "(unknown module)"))

(/usr/lib/firefox/firefox:43518): GLib-GObject-WARNING **: 11:08:54.202: invalid (NULL) pointer instance

(/usr/lib/firefox/firefox:43518): GLib-GObject-CRITICAL **: 11:08:54.202: g_signal_connect_data: assertion 'G_TYPE_CHECK_INSTANCE (instance)' failed

(/usr/lib/firefox/firefox:43520): GLib-GObject-WARNING **: 11:08:54.207: invalid (NULL) pointer instance

(/usr/lib/firefox/firefox:43520): GLib-GObject-CRITICAL **: 11:08:54.207: g_signal_connect_data: assertion 'G_TYPE_CHECK_INSTANCE (instance)' failed
1610719734216	Marionette	INFO	Listening on port 38613
1610719734284	Marionette	WARN	TLS certificate errors will be ignored for this session
JavaScript warning: https://www.ne13.bradesconetempresa.b.br/ibpj/conteudo/js/login/default.js?vrs=14, line 89: unreachable code after return statement
JavaScript warning: https://www.ne12.bradesconetempresa.b.br/ibpjlogin/login.jsf, line 1: unreachable code after return statement
Exiting due to channel error.
Exiting due to channel error.
Exiting due to channel error.
1610719913491	geckodriver	INFO	Listening on 127.0.0.1:37863
1610719913520	mozrunner::runner	INFO	Running command: "/usr/bin/firefox" "--marionette" "--headless" "--disable-gpu" "-foreground" "-no-remote" "-profile" "/tmp/rust_mozprofileMjO7iM"
*** You are running in headless mode.

(firefox:43973): GLib-GObject-WARNING **: 11:11:53.790: invalid (NULL) pointer instance

(firefox:43973): GLib-GObject-CRITICAL **: 11:11:53.790: g_signal_connect_data: assertion 'G_TYPE_CHECK_INSTANCE (instance)' failed

(/usr/lib/firefox/firefox:44091): GLib-GObject-WARNING **: 11:11:54.771: invalid (NULL) pointer instance

(/usr/lib/firefox/firefox:44091): GLib-GObject-CRITICAL **: 11:11:54.772: g_signal_connect_data: assertion 'G_TYPE_CHECK_INSTANCE (instance)' failed

(/usr/lib/firefox/firefox:44112): GLib-GObject-WARNING **: 11:11:54.859: invalid (NULL) pointer instance

(/usr/lib/firefox/firefox:44112): GLib-GObject-CRITICAL **: 11:11:54.859: g_signal_connect_data: assertion 'G_TYPE_CHECK_INSTANCE (instance)' failed
console.warn: SearchSettings: "get: No settings file exists, new profile?" (new Error("", "(unknown module)"))

(/usr/lib/firefox/firefox:44196): GLib-GObject-WARNING **: 11:11:57.965: invalid (NULL) pointer instance

(/usr/lib/firefox/firefox:44196): GLib-GObject-CRITICAL **: 11:11:57.965: g_signal_connect_data: assertion 'G_TYPE_CHECK_INSTANCE (instance)' failed

(/usr/lib/firefox/firefox:44198): GLib-GObject-WARNING **: 11:11:57.969: invalid (NULL) pointer instance

(/usr/lib/firefox/firefox:44198): GLib-GObject-CRITICAL **: 11:11:57.969: g_signal_connect_data: assertion 'G_TYPE_CHECK_INSTANCE (instance)' failed
1610719917990	Marionette	INFO	Listening on port 36855
1610719918064	Marionette	WARN	TLS certificate errors will be ignored for this session
JavaScript warning: https://www.ne13.bradesconetempresa.b.br/ibpj/conteudo/js/login/default.js?vrs=14, line 89: unreachable code after return statement
JavaScript warning: https://www.ne12.bradesconetempresa.b.br/ibpjlogin/login.jsf, line 1: unreachable code after return statement

(firefox:43973): GLib-GObject-CRITICAL **: 11:12:15.705: g_object_get: assertion 'G_IS_OBJECT (object)' failed

(firefox:43973): GLib-GObject-CRITICAL **: 11:12:26.017: g_object_get: assertion 'G_IS_OBJECT (object)' failed
1610719953082	Marionette	WARN	TimedPromise timed out after 500 ms: stacktrace:
TimedPromise/<@chrome://marionette/content/sync.js:235:19
TimedPromise@chrome://marionette/content/sync.js:220:10
interaction.flushEventLoop@chrome://marionette/content/interaction.js:418:10
webdriverClickElement@chrome://marionette/content/interaction.js:179:31

(firefox:43973): GLib-GObject-CRITICAL **: 11:12:36.464: g_object_get: assertion 'G_IS_OBJECT (object)' failed
1610719963435	Marionette	WARN	TimedPromise timed out after 500 ms: stacktrace:
TimedPromise/<@chrome://marionette/content/sync.js:235:19
TimedPromise@chrome://marionette/content/sync.js:220:10
interaction.flushEventLoop@chrome://marionette/content/interaction.js:418:10
webdriverClickElement@chrome://marionette/content/interaction.js:179:31

(firefox:43973): GLib-GObject-CRITICAL **: 11:12:47.438: g_object_get: assertion 'G_IS_OBJECT (object)' failed
1610719974370	Marionette	WARN	TimedPromise timed out after 500 ms: stacktrace:
TimedPromise/<@chrome://marionette/content/sync.js:235:19
TimedPromise@chrome://marionette/content/sync.js:220:10
interaction.flushEventLoop@chrome://marionette/content/interaction.js:418:10
webdriverClickElement@chrome://marionette/content/interaction.js:179:31

(firefox:43973): GLib-GObject-CRITICAL **: 11:12:58.230: g_object_get: assertion 'G_IS_OBJECT (object)' failed
1610719985267	Marionette	WARN	TimedPromise timed out after 500 ms: stacktrace:
TimedPromise/<@chrome://marionette/content/sync.js:235:19
TimedPromise@chrome://marionette/content/sync.js:220:10
interaction.flushEventLoop@chrome://marionette/content/interaction.js:418:10
webdriverClickElement@chrome://marionette/content/interaction.js:179:31

(firefox:43973): GLib-GObject-CRITICAL **: 11:13:08.163: g_object_get: assertion 'G_IS_OBJECT (object)' failed
1610719995188	Marionette	WARN	TimedPromise timed out after 500 ms: stacktrace:
TimedPromise/<@chrome://marionette/content/sync.js:235:19
TimedPromise@chrome://marionette/content/sync.js:220:10
interaction.flushEventLoop@chrome://marionette/content/interaction.js:418:10
webdriverClickElement@chrome://marionette/content/interaction.js:179:31

(firefox:43973): GLib-GObject-CRITICAL **: 11:13:18.769: g_object_get: assertion 'G_IS_OBJECT (object)' failed
JavaScript warning: https://www.ne13.bradesconetempresa.b.br/ibpj/conteudo/js/login/default.js?vrs=14, line 89: unreachable code after return statement
JavaScript warning: https://www.ne13.bradesconetempresa.b.br/ibpj/conteudo/js/login/default.js?vrs=14, line 89: unreachable code after return statement
1610720005537	Marionette	WARN	TimedPromise timed out after 500 ms: stacktrace:
TimedPromise/<@chrome://marionette/content/sync.js:235:19
TimedPromise@chrome://marionette/content/sync.js:220:10
interaction.flushEventLoop@chrome://marionette/content/interaction.js:418:10
webdriverClickElement@chrome://marionette/content/interaction.js:179:31

(firefox:43973): GLib-GObject-CRITICAL **: 11:13:29.078: g_object_get: assertion 'G_IS_OBJECT (object)' failed
1610720016037	Marionette	WARN	TimedPromise timed out after 500 ms: stacktrace:
TimedPromise/<@chrome://marionette/content/sync.js:235:19
TimedPromise@chrome://marionette/content/sync.js:220:10
interaction.flushEventLoop@chrome://marionette/content/interaction.js:418:10
webdriverClickElement@chrome://marionette/content/interaction.js:179:31

(firefox:43973): GLib-GObject-CRITICAL **: 11:13:39.356: g_object_get: assertion 'G_IS_OBJECT (object)' failed
1610720026371	Marionette	WARN	TimedPromise timed out after 500 ms: stacktrace:
TimedPromise/<@chrome://marionette/content/sync.js:235:19
TimedPromise@chrome://marionette/content/sync.js:220:10
interaction.flushEventLoop@chrome://marionette/content/interaction.js:418:10
webdriverClickElement@chrome://marionette/content/interaction.js:179:31

(firefox:43973): GLib-GObject-CRITICAL **: 11:13:49.612: g_object_get: assertion 'G_IS_OBJECT (object)' failed
1610720036620	Marionette	WARN	TimedPromise timed out after 500 ms: stacktrace:
TimedPromise/<@chrome://marionette/content/sync.js:235:19
TimedPromise@chrome://marionette/content/sync.js:220:10
interaction.flushEventLoop@chrome://marionette/content/interaction.js:418:10
webdriverClickElement@chrome://marionette/content/interaction.js:179:31

(firefox:43973): GLib-GObject-CRITICAL **: 11:14:00.453: g_object_get: assertion 'G_IS_OBJECT (object)' failed
1610720047568	Marionette	WARN	TimedPromise timed out after 500 ms: stacktrace:
TimedPromise/<@chrome://marionette/content/sync.js:235:19
TimedPromise@chrome://marionette/content/sync.js:220:10
interaction.flushEventLoop@chrome://marionette/content/interaction.js:418:10
webdriverClickElement@chrome://marionette/content/interaction.js:179:31

(firefox:43973): GLib-GObject-CRITICAL **: 11:14:11.466: g_object_get: assertion 'G_IS_OBJECT (object)' failed
1610720058504	Marionette	WARN	TimedPromise timed out after 500 ms: stacktrace:
TimedPromise/<@chrome://marionette/content/sync.js:235:19
TimedPromise@chrome://marionette/content/sync.js:220:10
interaction.flushEventLoop@chrome://marionette/content/interaction.js:418:10
webdriverClickElement@chrome://marionette/content/interaction.js:179:31

(firefox:43973): GLib-GObject-CRITICAL **: 11:14:22.468: g_object_get: assertion 'G_IS_OBJECT (object)' failed
1610720069382	Marionette	WARN	TimedPromise timed out after 500 ms: stacktrace:
TimedPromise/<@chrome://marionette/content/sync.js:235:19
TimedPromise@chrome://marionette/content/sync.js:220:10
interaction.flushEventLoop@chrome://marionette/content/interaction.js:418:10
webdriverClickElement@chrome://marionette/content/interaction.js:179:31

(firefox:43973): GLib-GObject-CRITICAL **: 11:14:32.770: g_object_get: assertion 'G_IS_OBJECT (object)' failed

(firefox:43973): GLib-GObject-CRITICAL **: 11:14:42.622: g_object_get: assertion 'G_IS_OBJECT (object)' failed

(firefox:43973): GLib-GObject-CRITICAL **: 11:14:52.336: g_object_get: assertion 'G_IS_OBJECT (object)' failed

(firefox:43973): GLib-GObject-CRITICAL **: 11:15:02.088: g_object_get: assertion 'G_IS_OBJECT (object)' failed

(firefox:43973): GLib-GObject-CRITICAL **: 11:15:12.604: g_object_get: assertion 'G_IS_OBJECT (object)' failed

(firefox:43973): GLib-GObject-CRITICAL **: 11:15:23.362: g_object_get: assertion 'G_IS_OBJECT (object)' failed

(firefox:43973): GLib-GObject-CRITICAL **: 11:15:33.707: g_object_get: assertion 'G_IS_OBJECT (object)' failed

(firefox:43973): GLib-GObject-CRITICAL **: 11:15:43.685: g_object_get: assertion 'G_IS_OBJECT (object)' failed

(firefox:43973): GLib-GObject-CRITICAL **: 11:15:53.878: g_object_get: assertion 'G_IS_OBJECT (object)' failed

(firefox:43973): GLib-GObject-CRITICAL **: 11:16:04.396: g_object_get: assertion 'G_IS_OBJECT (object)' failed

(firefox:43973): GLib-GObject-CRITICAL **: 11:16:14.619: g_object_get: assertion 'G_IS_OBJECT (object)' failed

(firefox:43973): GLib-GObject-CRITICAL **: 11:16:24.138: g_object_get: assertion 'G_IS_OBJECT (object)' failed

(firefox:43973): GLib-GObject-CRITICAL **: 11:16:34.717: g_object_get: assertion 'G_IS_OBJECT (object)' failed

(firefox:43973): GLib-GObject-CRITICAL **: 11:16:44.228: g_object_get: assertion 'G_IS_OBJECT (object)' failed
1610720220822	Marionette	WARN	Ignoring event 'DOMContentLoaded' because document has an invalid readyState of 'complete'.
JavaScript warning: https://www.ne13.bradesconetempresa.b.br/ibpj/conteudo/js/login/default.js?vrs=14, line 89: unreachable code after return statement
JavaScript warning: https://www.ne13.bradesconetempresa.b.br/ibpj/conteudo/js/login/default.js?vrs=14, line 89: unreachable code after return statement
1610720290784	geckodriver	INFO	Listening on 127.0.0.1:40953
1610720290795	mozrunner::runner	INFO	Running command: "/usr/bin/firefox" "--marionette" "--headless" "--disable-gpu" "-foreground" "-no-remote" "-profile" "/tmp/rust_mozprofileDBGHON"
*** You are running in headless mode.

(firefox:45538): GLib-GObject-WARNING **: 11:18:11.530: invalid (NULL) pointer instance

(firefox:45538): GLib-GObject-CRITICAL **: 11:18:11.530: g_signal_connect_data: assertion 'G_TYPE_CHECK_INSTANCE (instance)' failed

(/usr/lib/firefox/firefox:45671): GLib-GObject-WARNING **: 11:18:13.271: invalid (NULL) pointer instance

(/usr/lib/firefox/firefox:45671): GLib-GObject-CRITICAL **: 11:18:13.271: g_signal_connect_data: assertion 'G_TYPE_CHECK_INSTANCE (instance)' failed

(/usr/lib/firefox/firefox:45693): GLib-GObject-WARNING **: 11:18:13.368: invalid (NULL) pointer instance

(/usr/lib/firefox/firefox:45693): GLib-GObject-CRITICAL **: 11:18:13.368: g_signal_connect_data: assertion 'G_TYPE_CHECK_INSTANCE (instance)' failed
console.warn: SearchSettings: "get: No settings file exists, new profile?" (new Error("", "(unknown module)"))

(/usr/lib/firefox/firefox:45776): GLib-GObject-WARNING **: 11:18:16.522: invalid (NULL) pointer instance

(/usr/lib/firefox/firefox:45776): GLib-GObject-CRITICAL **: 11:18:16.522: g_signal_connect_data: assertion 'G_TYPE_CHECK_INSTANCE (instance)' failed
1610720296532	Marionette	INFO	Listening on port 45579
1610720296625	Marionette	WARN	TLS certificate errors will be ignored for this session
JavaScript warning: https://www.ne13.bradesconetempresa.b.br/ibpj/conteudo/js/login/default.js?vrs=14, line 89: unreachable code after return statement
JavaScript warning: https://www.ne12.bradesconetempresa.b.br/ibpjlogin/login.jsf, line 1: unreachable code after return statement

(firefox:45538): GLib-GObject-CRITICAL **: 11:18:29.593: g_object_get: assertion 'G_IS_OBJECT (object)' failed

(firefox:45538): GLib-GObject-CRITICAL **: 11:18:39.123: g_object_get: assertion 'G_IS_OBJECT (object)' failed
1610720326137	Marionette	WARN	TimedPromise timed out after 500 ms: stacktrace:
TimedPromise/<@chrome://marionette/content/sync.js:235:19
TimedPromise@chrome://marionette/content/sync.js:220:10
interaction.flushEventLoop@chrome://marionette/content/interaction.js:418:10
webdriverClickElement@chrome://marionette/content/interaction.js:179:31

(firefox:45538): GLib-GObject-CRITICAL **: 11:18:50.639: g_object_get: assertion 'G_IS_OBJECT (object)' failed
1610720337437	Marionette	WARN	TimedPromise timed out after 500 ms: stacktrace:
TimedPromise/<@chrome://marionette/content/sync.js:235:19
TimedPromise@chrome://marionette/content/sync.js:220:10
interaction.flushEventLoop@chrome://marionette/content/interaction.js:418:10
webdriverClickElement@chrome://marionette/content/interaction.js:179:31

(firefox:45538): GLib-GObject-CRITICAL **: 11:19:01.850: g_object_get: assertion 'G_IS_OBJECT (object)' failed
1610720348787	Marionette	WARN	TimedPromise timed out after 500 ms: stacktrace:
TimedPromise/<@chrome://marionette/content/sync.js:235:19
TimedPromise@chrome://marionette/content/sync.js:220:10
interaction.flushEventLoop@chrome://marionette/content/interaction.js:418:10
webdriverClickElement@chrome://marionette/content/interaction.js:179:31

(firefox:45538): GLib-GObject-CRITICAL **: 11:19:12.743: g_object_get: assertion 'G_IS_OBJECT (object)' failed
1610720359578	Marionette	WARN	TimedPromise timed out after 500 ms: stacktrace:
TimedPromise/<@chrome://marionette/content/sync.js:235:19
TimedPromise@chrome://marionette/content/sync.js:220:10
interaction.flushEventLoop@chrome://marionette/content/interaction.js:418:10
webdriverClickElement@chrome://marionette/content/interaction.js:179:31

(firefox:45538): GLib-GObject-CRITICAL **: 11:19:23.603: g_object_get: assertion 'G_IS_OBJECT (object)' failed
1610720370422	Marionette	WARN	TimedPromise timed out after 500 ms: stacktrace:
TimedPromise/<@chrome://marionette/content/sync.js:235:19
TimedPromise@chrome://marionette/content/sync.js:220:10
interaction.flushEventLoop@chrome://marionette/content/interaction.js:418:10
webdriverClickElement@chrome://marionette/content/interaction.js:179:31

(firefox:45538): GLib-GObject-CRITICAL **: 11:19:34.745: g_object_get: assertion 'G_IS_OBJECT (object)' failed
1610720381865	Marionette	WARN	TimedPromise timed out after 500 ms: stacktrace:
TimedPromise/<@chrome://marionette/content/sync.js:235:19
TimedPromise@chrome://marionette/content/sync.js:220:10
interaction.flushEventLoop@chrome://marionette/content/interaction.js:418:10
webdriverClickElement@chrome://marionette/content/interaction.js:179:31

(firefox:45538): GLib-GObject-CRITICAL **: 11:19:45.722: g_object_get: assertion 'G_IS_OBJECT (object)' failed
1610720392697	Marionette	WARN	TimedPromise timed out after 500 ms: stacktrace:
TimedPromise/<@chrome://marionette/content/sync.js:235:19
TimedPromise@chrome://marionette/content/sync.js:220:10
interaction.flushEventLoop@chrome://marionette/content/interaction.js:418:10
webdriverClickElement@chrome://marionette/content/interaction.js:179:31

(firefox:45538): GLib-GObject-CRITICAL **: 11:19:56.416: g_object_get: assertion 'G_IS_OBJECT (object)' failed
1610720403585	Marionette	WARN	TimedPromise timed out after 500 ms: stacktrace:
TimedPromise/<@chrome://marionette/content/sync.js:235:19
TimedPromise@chrome://marionette/content/sync.js:220:10
interaction.flushEventLoop@chrome://marionette/content/interaction.js:418:10
webdriverClickElement@chrome://marionette/content/interaction.js:179:31

(firefox:45538): GLib-GObject-CRITICAL **: 11:20:07.969: g_object_get: assertion 'G_IS_OBJECT (object)' failed
1610720414897	Marionette	WARN	TimedPromise timed out after 500 ms: stacktrace:
TimedPromise/<@chrome://marionette/content/sync.js:235:19
TimedPromise@chrome://marionette/content/sync.js:220:10
interaction.flushEventLoop@chrome://marionette/content/interaction.js:418:10
webdriverClickElement@chrome://marionette/content/interaction.js:179:31

(firefox:45538): GLib-GObject-CRITICAL **: 11:20:18.162: g_object_get: assertion 'G_IS_OBJECT (object)' failed
1610720425351	Marionette	WARN	TimedPromise timed out after 500 ms: stacktrace:
TimedPromise/<@chrome://marionette/content/sync.js:235:19
TimedPromise@chrome://marionette/content/sync.js:220:10
interaction.flushEventLoop@chrome://marionette/content/interaction.js:418:10
webdriverClickElement@chrome://marionette/content/interaction.js:179:31

(firefox:45538): GLib-GObject-CRITICAL **: 11:20:29.144: g_object_get: assertion 'G_IS_OBJECT (object)' failed
1610720436101	Marionette	WARN	TimedPromise timed out after 500 ms: stacktrace:
TimedPromise/<@chrome://marionette/content/sync.js:235:19
TimedPromise@chrome://marionette/content/sync.js:220:10
interaction.flushEventLoop@chrome://marionette/content/interaction.js:418:10
webdriverClickElement@chrome://marionette/content/interaction.js:179:31

(firefox:45538): GLib-GObject-CRITICAL **: 11:20:39.962: g_object_get: assertion 'G_IS_OBJECT (object)' failed
1610720447084	Marionette	WARN	TimedPromise timed out after 500 ms: stacktrace:
TimedPromise/<@chrome://marionette/content/sync.js:235:19
TimedPromise@chrome://marionette/content/sync.js:220:10
interaction.flushEventLoop@chrome://marionette/content/interaction.js:418:10
webdriverClickElement@chrome://marionette/content/interaction.js:179:31

(firefox:45538): GLib-GObject-CRITICAL **: 11:20:50.630: g_object_get: assertion 'G_IS_OBJECT (object)' failed

(firefox:45538): GLib-GObject-CRITICAL **: 11:21:00.685: g_object_get: assertion 'G_IS_OBJECT (object)' failed

(firefox:45538): GLib-GObject-CRITICAL **: 11:21:10.455: g_object_get: assertion 'G_IS_OBJECT (object)' failed
1610720477463	Marionette	WARN	TimedPromise timed out after 500 ms: stacktrace:
TimedPromise/<@chrome://marionette/content/sync.js:235:19
TimedPromise@chrome://marionette/content/sync.js:220:10
interaction.flushEventLoop@chrome://marionette/content/interaction.js:418:10
webdriverClickElement@chrome://marionette/content/interaction.js:179:31

(firefox:45538): GLib-GObject-CRITICAL **: 11:21:21.276: g_object_get: assertion 'G_IS_OBJECT (object)' failed

(firefox:45538): GLib-GObject-CRITICAL **: 11:21:31.768: g_object_get: assertion 'G_IS_OBJECT (object)' failed

(firefox:45538): GLib-GObject-CRITICAL **: 11:21:41.598: g_object_get: assertion 'G_IS_OBJECT (object)' failed

(firefox:45538): GLib-GObject-CRITICAL **: 11:21:51.221: g_object_get: assertion 'G_IS_OBJECT (object)' failed

(firefox:45538): GLib-GObject-CRITICAL **: 11:22:02.308: g_object_get: assertion 'G_IS_OBJECT (object)' failed

(firefox:45538): GLib-GObject-CRITICAL **: 11:22:11.939: g_object_get: assertion 'G_IS_OBJECT (object)' failed

(firefox:45538): GLib-GObject-CRITICAL **: 11:22:22.983: g_object_get: assertion 'G_IS_OBJECT (object)' failed

(firefox:45538): GLib-GObject-CRITICAL **: 11:22:32.622: g_object_get: assertion 'G_IS_OBJECT (object)' failed

(firefox:45538): GLib-GObject-CRITICAL **: 11:22:42.461: g_object_get: assertion 'G_IS_OBJECT (object)' failed

(firefox:45538): GLib-GObject-CRITICAL **: 11:22:52.954: g_object_get: assertion 'G_IS_OBJECT (object)' failed

(firefox:45538): GLib-GObject-CRITICAL **: 11:23:02.753: g_object_get: assertion 'G_IS_OBJECT (object)' failed
1610720599294	Marionette	WARN	Ignoring event 'DOMContentLoaded' because document has an invalid readyState of 'complete'.
JavaScript warning: https://www.ne13.bradesconetempresa.b.br/ibpj/conteudo/js/login/default.js?vrs=14, line 89: unreachable code after return statement
JavaScript warning: https://www.ne13.bradesconetempresa.b.br/ibpj/conteudo/js/login/default.js?vrs=14, line 89: unreachable code after return statement
1610721280338	geckodriver	INFO	Listening on 127.0.0.1:58575
1610721280350	mozrunner::runner	INFO	Running command: "/usr/bin/firefox" "--marionette" "--headless" "--disable-gpu" "-foreground" "-no-remote" "-profile" "/tmp/rust_mozprofile3kjhax"
*** You are running in headless mode.

(firefox:47992): GLib-GObject-WARNING **: 11:34:40.857: invalid (NULL) pointer instance

(firefox:47992): GLib-GObject-CRITICAL **: 11:34:40.857: g_signal_connect_data: assertion 'G_TYPE_CHECK_INSTANCE (instance)' failed

(/usr/lib/firefox/firefox:48095): GLib-GObject-WARNING **: 11:34:41.639: invalid (NULL) pointer instance

(/usr/lib/firefox/firefox:48095): GLib-GObject-CRITICAL **: 11:34:41.639: g_signal_connect_data: assertion 'G_TYPE_CHECK_INSTANCE (instance)' failed

(/usr/lib/firefox/firefox:48117): GLib-GObject-WARNING **: 11:34:41.744: invalid (NULL) pointer instance

(/usr/lib/firefox/firefox:48117): GLib-GObject-CRITICAL **: 11:34:41.744: g_signal_connect_data: assertion 'G_TYPE_CHECK_INSTANCE (instance)' failed
console.warn: SearchSettings: "get: No settings file exists, new profile?" (new Error("", "(unknown module)"))

(/usr/lib/firefox/firefox:48196): GLib-GObject-WARNING **: 11:34:45.286: invalid (NULL) pointer instance

(/usr/lib/firefox/firefox:48196): GLib-GObject-CRITICAL **: 11:34:45.286: g_signal_connect_data: assertion 'G_TYPE_CHECK_INSTANCE (instance)' failed

(/usr/lib/firefox/firefox:48198): GLib-GObject-WARNING **: 11:34:45.287: invalid (NULL) pointer instance

(/usr/lib/firefox/firefox:48198): GLib-GObject-CRITICAL **: 11:34:45.287: g_signal_connect_data: assertion 'G_TYPE_CHECK_INSTANCE (instance)' failed
1610721285318	Marionette	INFO	Listening on port 42137
1610721285377	Marionette	WARN	TLS certificate errors will be ignored for this session
JavaScript warning: https://www.ne13.bradesconetempresa.b.br/ibpj/conteudo/js/login/default.js?vrs=14, line 89: unreachable code after return statement
JavaScript warning: https://www.ne12.bradesconetempresa.b.br/ibpjlogin/login.jsf, line 1: unreachable code after return statement
1610721381017	geckodriver	INFO	Listening on 127.0.0.1:40843
1610721381023	mozrunner::runner	INFO	Running command: "/usr/bin/firefox" "--marionette" "--headless" "--disable-gpu" "-foreground" "-no-remote" "-profile" "/tmp/rust_mozprofileOiau8J"
*** You are running in headless mode.

(firefox:48511): GLib-GObject-WARNING **: 11:36:21.385: invalid (NULL) pointer instance

(firefox:48511): GLib-GObject-CRITICAL **: 11:36:21.385: g_signal_connect_data: assertion 'G_TYPE_CHECK_INSTANCE (instance)' failed

(/usr/lib/firefox/firefox:48624): GLib-GObject-WARNING **: 11:36:22.368: invalid (NULL) pointer instance

(/usr/lib/firefox/firefox:48624): GLib-GObject-CRITICAL **: 11:36:22.368: g_signal_connect_data: assertion 'G_TYPE_CHECK_INSTANCE (instance)' failed

(/usr/lib/firefox/firefox:48650): GLib-GObject-WARNING **: 11:36:22.483: invalid (NULL) pointer instance

(/usr/lib/firefox/firefox:48650): GLib-GObject-CRITICAL **: 11:36:22.483: g_signal_connect_data: assertion 'G_TYPE_CHECK_INSTANCE (instance)' failed
console.warn: SearchSettings: "get: No settings file exists, new profile?" (new Error("", "(unknown module)"))
1610721388130	Marionette	INFO	Listening on port 40287
1610721388159	Marionette	WARN	TLS certificate errors will be ignored for this session
JavaScript warning: https://www.ne13.bradesconetempresa.b.br/ibpj/conteudo/js/login/default.js?vrs=14, line 89: unreachable code after return statement

(/usr/lib/firefox/firefox:48766): GLib-GObject-WARNING **: 11:36:30.710: invalid (NULL) pointer instance

(/usr/lib/firefox/firefox:48766): GLib-GObject-CRITICAL **: 11:36:30.710: g_signal_connect_data: assertion 'G_TYPE_CHECK_INSTANCE (instance)' failed
JavaScript warning: https://www.ne12.bradesconetempresa.b.br/ibpjlogin/login.jsf, line 1: unreachable code after return statement
JavaScript error: , line 0: NotFoundError: No such JSWindowActor 'MarionetteEvents'

(firefox:48511): GLib-GObject-CRITICAL **: 11:36:41.465: g_object_get: assertion 'G_IS_OBJECT (object)' failed
1610721408044	Marionette	WARN	TimedPromise timed out after 500 ms: stacktrace:
TimedPromise/<@chrome://marionette/content/sync.js:235:19
TimedPromise@chrome://marionette/content/sync.js:220:10
interaction.flushEventLoop@chrome://marionette/content/interaction.js:418:10
webdriverClickElement@chrome://marionette/content/interaction.js:179:31

(firefox:48511): GLib-GObject-CRITICAL **: 11:36:51.303: g_object_get: assertion 'G_IS_OBJECT (object)' failed
1610721418447	Marionette	WARN	TimedPromise timed out after 500 ms: stacktrace:
TimedPromise/<@chrome://marionette/content/sync.js:235:19
TimedPromise@chrome://marionette/content/sync.js:220:10
interaction.flushEventLoop@chrome://marionette/content/interaction.js:418:10
webdriverClickElement@chrome://marionette/content/interaction.js:179:31

(firefox:48511): GLib-GObject-CRITICAL **: 11:37:01.757: g_object_get: assertion 'G_IS_OBJECT (object)' failed
1610721428903	Marionette	WARN	TimedPromise timed out after 500 ms: stacktrace:
TimedPromise/<@chrome://marionette/content/sync.js:235:19
TimedPromise@chrome://marionette/content/sync.js:220:10
interaction.flushEventLoop@chrome://marionette/content/interaction.js:418:10
webdriverClickElement@chrome://marionette/content/interaction.js:179:31

(firefox:48511): GLib-GObject-CRITICAL **: 11:37:21.067: g_object_get: assertion 'G_IS_OBJECT (object)' failed
1610721448060	Marionette	WARN	TimedPromise timed out after 500 ms: stacktrace:
TimedPromise/<@chrome://marionette/content/sync.js:235:19
TimedPromise@chrome://marionette/content/sync.js:220:10
interaction.flushEventLoop@chrome://marionette/content/interaction.js:418:10
webdriverClickElement@chrome://marionette/content/interaction.js:179:31

(firefox:48511): GLib-GObject-CRITICAL **: 11:37:31.438: g_object_get: assertion 'G_IS_OBJECT (object)' failed
1610721458303	Marionette	WARN	TimedPromise timed out after 500 ms: stacktrace:
TimedPromise/<@chrome://marionette/content/sync.js:235:19
TimedPromise@chrome://marionette/content/sync.js:220:10
interaction.flushEventLoop@chrome://marionette/content/interaction.js:418:10
webdriverClickElement@chrome://marionette/content/interaction.js:179:31

(firefox:48511): GLib-GObject-CRITICAL **: 11:37:42.136: g_object_get: assertion 'G_IS_OBJECT (object)' failed
1610721469288	Marionette	WARN	TimedPromise timed out after 500 ms: stacktrace:
TimedPromise/<@chrome://marionette/content/sync.js:235:19
TimedPromise@chrome://marionette/content/sync.js:220:10
interaction.flushEventLoop@chrome://marionette/content/interaction.js:418:10
webdriverClickElement@chrome://marionette/content/interaction.js:179:31

(firefox:48511): GLib-GObject-CRITICAL **: 11:37:52.680: g_object_get: assertion 'G_IS_OBJECT (object)' failed
1610721479759	Marionette	WARN	TimedPromise timed out after 500 ms: stacktrace:
TimedPromise/<@chrome://marionette/content/sync.js:235:19
TimedPromise@chrome://marionette/content/sync.js:220:10
interaction.flushEventLoop@chrome://marionette/content/interaction.js:418:10
webdriverClickElement@chrome://marionette/content/interaction.js:179:31

(firefox:48511): GLib-GObject-CRITICAL **: 11:38:03.023: g_object_get: assertion 'G_IS_OBJECT (object)' failed
1610721490113	Marionette	WARN	TimedPromise timed out after 500 ms: stacktrace:
TimedPromise/<@chrome://marionette/content/sync.js:235:19
TimedPromise@chrome://marionette/content/sync.js:220:10
interaction.flushEventLoop@chrome://marionette/content/interaction.js:418:10
webdriverClickElement@chrome://marionette/content/interaction.js:179:31

(firefox:48511): GLib-GObject-CRITICAL **: 11:38:13.609: g_object_get: assertion 'G_IS_OBJECT (object)' failed
1610721500535	Marionette	WARN	TimedPromise timed out after 500 ms: stacktrace:
TimedPromise/<@chrome://marionette/content/sync.js:235:19
TimedPromise@chrome://marionette/content/sync.js:220:10
interaction.flushEventLoop@chrome://marionette/content/interaction.js:418:10
webdriverClickElement@chrome://marionette/content/interaction.js:179:31

(firefox:48511): GLib-GObject-CRITICAL **: 11:38:23.923: g_object_get: assertion 'G_IS_OBJECT (object)' failed
1610721510957	Marionette	WARN	TimedPromise timed out after 500 ms: stacktrace:
TimedPromise/<@chrome://marionette/content/sync.js:235:19
TimedPromise@chrome://marionette/content/sync.js:220:10
interaction.flushEventLoop@chrome://marionette/content/interaction.js:418:10
webdriverClickElement@chrome://marionette/content/interaction.js:179:31

(firefox:48511): GLib-GObject-CRITICAL **: 11:38:35.535: g_object_get: assertion 'G_IS_OBJECT (object)' failed
1610721522420	Marionette	WARN	TimedPromise timed out after 500 ms: stacktrace:
TimedPromise/<@chrome://marionette/content/sync.js:235:19
TimedPromise@chrome://marionette/content/sync.js:220:10
interaction.flushEventLoop@chrome://marionette/content/interaction.js:418:10
webdriverClickElement@chrome://marionette/content/interaction.js:179:31

(firefox:48511): GLib-GObject-CRITICAL **: 11:38:46.801: g_object_get: assertion 'G_IS_OBJECT (object)' failed
1610721533803	Marionette	WARN	TimedPromise timed out after 500 ms: stacktrace:
TimedPromise/<@chrome://marionette/content/sync.js:235:19
TimedPromise@chrome://marionette/content/sync.js:220:10
interaction.flushEventLoop@chrome://marionette/content/interaction.js:418:10
webdriverClickElement@chrome://marionette/content/interaction.js:179:31

(firefox:48511): GLib-GObject-CRITICAL **: 11:38:57.619: g_object_get: assertion 'G_IS_OBJECT (object)' failed
1610721544620	Marionette	WARN	TimedPromise timed out after 500 ms: stacktrace:
TimedPromise/<@chrome://marionette/content/sync.js:235:19
TimedPromise@chrome://marionette/content/sync.js:220:10
interaction.flushEventLoop@chrome://marionette/content/interaction.js:418:10
webdriverClickElement@chrome://marionette/content/interaction.js:179:31

(firefox:48511): GLib-GObject-CRITICAL **: 11:39:08.024: g_object_get: assertion 'G_IS_OBJECT (object)' failed

(firefox:48511): GLib-GObject-CRITICAL **: 11:39:18.309: g_object_get: assertion 'G_IS_OBJECT (object)' failed
1610721565346	Marionette	WARN	TimedPromise timed out after 500 ms: stacktrace:
TimedPromise/<@chrome://marionette/content/sync.js:235:19
TimedPromise@chrome://marionette/content/sync.js:220:10
interaction.flushEventLoop@chrome://marionette/content/interaction.js:418:10
webdriverClickElement@chrome://marionette/content/interaction.js:179:31

(firefox:48511): GLib-GObject-CRITICAL **: 11:39:32.436: g_object_get: assertion 'G_IS_OBJECT (object)' failed

(firefox:48511): GLib-GObject-CRITICAL **: 11:39:42.269: g_object_get: assertion 'G_IS_OBJECT (object)' failed

(firefox:48511): GLib-GObject-CRITICAL **: 11:39:52.099: g_object_get: assertion 'G_IS_OBJECT (object)' failed

(firefox:48511): GLib-GObject-CRITICAL **: 11:40:02.539: g_object_get: assertion 'G_IS_OBJECT (object)' failed

(firefox:48511): GLib-GObject-CRITICAL **: 11:40:12.226: g_object_get: assertion 'G_IS_OBJECT (object)' failed

(firefox:48511): GLib-GObject-CRITICAL **: 11:40:22.571: g_object_get: assertion 'G_IS_OBJECT (object)' failed

(firefox:48511): GLib-GObject-CRITICAL **: 11:40:32.847: g_object_get: assertion 'G_IS_OBJECT (object)' failed

(firefox:48511): GLib-GObject-CRITICAL **: 11:40:43.492: g_object_get: assertion 'G_IS_OBJECT (object)' failed

(firefox:48511): GLib-GObject-CRITICAL **: 11:40:53.236: g_object_get: assertion 'G_IS_OBJECT (object)' failed

(firefox:48511): GLib-GObject-CRITICAL **: 11:41:04.790: g_object_get: assertion 'G_IS_OBJECT (object)' failed

(firefox:48511): GLib-GObject-CRITICAL **: 11:41:14.623: g_object_get: assertion 'G_IS_OBJECT (object)' failed

(firefox:48511): GLib-GObject-CRITICAL **: 11:41:24.458: g_object_get: assertion 'G_IS_OBJECT (object)' failed
1610721700845	Marionette	WARN	Ignoring event 'DOMContentLoaded' because document has an invalid readyState of 'complete'.
JavaScript warning: https://www.ne13.bradesconetempresa.b.br/ibpj/conteudo/js/login/default.js?vrs=14, line 89: unreachable code after return statement
JavaScript warning: https://www.ne13.bradesconetempresa.b.br/ibpj/conteudo/js/login/default.js?vrs=14, line 89: unreachable code after return statement
